2020-02-29T17:55:18.435+0530 INFO Starting SpringBootDataJpaRestApplicationTests on DESKTOP-8JAF3N2 with PID 7212 (started by Anil in C:\Users\Anil\Desktop\Anil_CGI_Practise\project_work_space\SpringBootDataJpaRest)
2020-02-29T17:55:18.446+0530 DEBUG Running with Spring Boot v2.2.4.RELEASE, Spring v5.2.3.RELEASE
2020-02-29T17:55:18.449+0530 INFO No active profile set, falling back to default profiles: default
2020-02-29T17:55:47.918+0530 INFO Started SpringBootDataJpaRestApplicationTests in 30.929 seconds (JVM running for 37.257)
2020-02-29T17:56:42.022+0530 INFO Starting SpringBootDataJpaRestApplication on DESKTOP-8JAF3N2 with PID 10572 (C:\Users\Anil\Desktop\Anil_CGI_Practise\project_work_space\SpringBootDataJpaRest\target\classes started by Anil in C:\Users\Anil\Desktop\Anil_CGI_Practise\project_work_space\SpringBootDataJpaRest)
2020-02-29T17:56:42.036+0530 DEBUG Running with Spring Boot v2.2.4.RELEASE, Spring v5.2.3.RELEASE
2020-02-29T17:56:42.037+0530 INFO No active profile set, falling back to default profiles: default
2020-02-29T17:57:01.327+0530 INFO Started SpringBootDataJpaRestApplication in 20.314 seconds (JVM running for 24.326)
2020-02-29T17:57:01.336+0530 INFO Info level log message
2020-02-29T17:57:01.336+0530 DEBUG Debug level log message
2020-02-29T17:57:01.337+0530 ERROR Error level log message
2020-02-29T17:57:18.316+0530 INFO Starting SpringBootDataJpaRestApplication on DESKTOP-8JAF3N2 with PID 10572 (C:\Users\Anil\Desktop\Anil_CGI_Practise\project_work_space\SpringBootDataJpaRest\target\classes started by Anil in C:\Users\Anil\Desktop\Anil_CGI_Practise\project_work_space\SpringBootDataJpaRest)
2020-02-29T17:57:18.319+0530 DEBUG Running with Spring Boot v2.2.4.RELEASE, Spring v5.2.3.RELEASE
2020-02-29T17:57:18.319+0530 INFO No active profile set, falling back to default profiles: default
2020-02-29T17:57:25.143+0530 INFO Started SpringBootDataJpaRestApplication in 7.048 seconds (JVM running for 48.141)
2020-02-29T17:57:25.147+0530 INFO Info level log message
2020-02-29T17:57:25.147+0530 DEBUG Debug level log message
2020-02-29T17:57:25.147+0530 ERROR Error level log message
2020-02-29T17:57:37.745+0530 DEBUG /api/employees --->@GetMapping  method called
2020-02-29T17:57:56.761+0530 INFO Starting SpringBootDataJpaRestApplication on DESKTOP-8JAF3N2 with PID 10572 (C:\Users\Anil\Desktop\Anil_CGI_Practise\project_work_space\SpringBootDataJpaRest\target\classes started by Anil in C:\Users\Anil\Desktop\Anil_CGI_Practise\project_work_space\SpringBootDataJpaRest)
2020-02-29T17:57:56.763+0530 DEBUG Running with Spring Boot v2.2.4.RELEASE, Spring v5.2.3.RELEASE
2020-02-29T17:57:56.764+0530 INFO No active profile set, falling back to default profiles: default
2020-02-29T17:58:01.731+0530 INFO Started SpringBootDataJpaRestApplication in 5.154 seconds (JVM running for 84.729)
2020-02-29T17:58:01.734+0530 INFO Info level log message
2020-02-29T17:58:01.734+0530 DEBUG Debug level log message
2020-02-29T17:58:01.734+0530 ERROR Error level log message
2020-02-29T21:15:28.505+0530 INFO Starting SpringBootDataJpaRestApplication on DESKTOP-8JAF3N2 with PID 10572 (C:\Users\Anil\Desktop\Anil_CGI_Practise\project_work_space\SpringBootDataJpaRest\target\classes started by Anil in C:\Users\Anil\Desktop\Anil_CGI_Practise\project_work_space\SpringBootDataJpaRest)
2020-02-29T21:15:28.508+0530 DEBUG Running with Spring Boot v2.2.4.RELEASE, Spring v5.2.3.RELEASE
2020-02-29T21:15:28.508+0530 INFO No active profile set, falling back to default profiles: default
2020-02-29T21:15:35.843+0530 INFO Started SpringBootDataJpaRestApplication in 7.535 seconds (JVM running for 11938.853)
2020-02-29T21:15:35.847+0530 INFO Info level log message
2020-02-29T21:15:35.847+0530 DEBUG Debug level log message
2020-02-29T21:15:35.847+0530 ERROR Error level log message
2020-02-29T21:17:52.629+0530 INFO Starting SpringBootDataJpaRestApplication on DESKTOP-8JAF3N2 with PID 10572 (C:\Users\Anil\Desktop\Anil_CGI_Practise\project_work_space\SpringBootDataJpaRest\target\classes started by Anil in C:\Users\Anil\Desktop\Anil_CGI_Practise\project_work_space\SpringBootDataJpaRest)
2020-02-29T21:17:52.632+0530 DEBUG Running with Spring Boot v2.2.4.RELEASE, Spring v5.2.3.RELEASE
2020-02-29T21:17:52.633+0530 INFO No active profile set, falling back to default profiles: default
2020-02-29T21:26:53.856+0530 INFO Starting SpringBootDataJpaRestApplication on DESKTOP-8JAF3N2 with PID 10572 (C:\Users\Anil\Desktop\Anil_CGI_Practise\project_work_space\SpringBootDataJpaRest\target\classes started by Anil in C:\Users\Anil\Desktop\Anil_CGI_Practise\project_work_space\SpringBootDataJpaRest)
2020-02-29T21:26:53.875+0530 DEBUG Running with Spring Boot v2.2.4.RELEASE, Spring v5.2.3.RELEASE
2020-02-29T21:26:53.876+0530 INFO No active profile set, falling back to default profiles: default
2020-02-29T21:29:46.200+0530 INFO Starting SpringBootDataJpaRestApplication on DESKTOP-8JAF3N2 with PID 10572 (C:\Users\Anil\Desktop\Anil_CGI_Practise\project_work_space\SpringBootDataJpaRest\target\classes started by Anil in C:\Users\Anil\Desktop\Anil_CGI_Practise\project_work_space\SpringBootDataJpaRest)
2020-02-29T21:29:46.203+0530 DEBUG Running with Spring Boot v2.2.4.RELEASE, Spring v5.2.3.RELEASE
2020-02-29T21:29:46.204+0530 INFO No active profile set, falling back to default profiles: default
2020-02-29T21:31:31.662+0530 INFO Starting SpringBootDataJpaRestApplication on DESKTOP-8JAF3N2 with PID 10572 (C:\Users\Anil\Desktop\Anil_CGI_Practise\project_work_space\SpringBootDataJpaRest\target\classes started by Anil in C:\Users\Anil\Desktop\Anil_CGI_Practise\project_work_space\SpringBootDataJpaRest)
2020-02-29T21:31:31.664+0530 DEBUG Running with Spring Boot v2.2.4.RELEASE, Spring v5.2.3.RELEASE
2020-02-29T21:31:31.665+0530 INFO No active profile set, falling back to default profiles: default
2020-02-29T21:31:36.660+0530 INFO Started SpringBootDataJpaRestApplication in 5.11 seconds (JVM running for 12899.669)
2020-02-29T21:31:36.667+0530 INFO Info level log message
2020-02-29T21:31:36.667+0530 DEBUG Debug level log message
2020-02-29T21:31:36.668+0530 ERROR Error level log message
2020-02-29T21:42:06.839+0530 INFO Starting SpringBootDataJpaRestApplication on DESKTOP-8JAF3N2 with PID 10572 (C:\Users\Anil\Desktop\Anil_CGI_Practise\project_work_space\SpringBootDataJpaRest\target\classes started by Anil in C:\Users\Anil\Desktop\Anil_CGI_Practise\project_work_space\SpringBootDataJpaRest)
2020-02-29T21:42:06.841+0530 DEBUG Running with Spring Boot v2.2.4.RELEASE, Spring v5.2.3.RELEASE
2020-02-29T21:42:06.841+0530 INFO No active profile set, falling back to default profiles: default
2020-02-29T21:42:21.916+0530 INFO Started SpringBootDataJpaRestApplication in 15.181 seconds (JVM running for 13544.926)
2020-02-29T21:42:21.919+0530 INFO Info level log message
2020-02-29T21:42:21.919+0530 DEBUG Debug level log message
2020-02-29T21:42:21.920+0530 ERROR Error level log message
2020-02-29T21:48:12.064+0530 INFO Starting SpringBootDataJpaRestApplication on DESKTOP-8JAF3N2 with PID 10572 (C:\Users\Anil\Desktop\Anil_CGI_Practise\project_work_space\SpringBootDataJpaRest\target\classes started by Anil in C:\Users\Anil\Desktop\Anil_CGI_Practise\project_work_space\SpringBootDataJpaRest)
2020-02-29T21:48:12.067+0530 DEBUG Running with Spring Boot v2.2.4.RELEASE, Spring v5.2.3.RELEASE
2020-02-29T21:48:12.067+0530 INFO No active profile set, falling back to default profiles: default
2020-02-29T21:48:15.544+0530 INFO Started SpringBootDataJpaRestApplication in 3.599 seconds (JVM running for 13898.554)
2020-02-29T21:48:15.547+0530 INFO Info level log message
2020-02-29T21:48:15.548+0530 DEBUG Debug level log message
2020-02-29T21:48:15.548+0530 ERROR Error level log message
2020-02-29T21:48:58.519+0530 INFO Starting SpringBootDataJpaRestApplication on DESKTOP-8JAF3N2 with PID 10572 (C:\Users\Anil\Desktop\Anil_CGI_Practise\project_work_space\SpringBootDataJpaRest\target\classes started by Anil in C:\Users\Anil\Desktop\Anil_CGI_Practise\project_work_space\SpringBootDataJpaRest)
2020-02-29T21:48:58.522+0530 DEBUG Running with Spring Boot v2.2.4.RELEASE, Spring v5.2.3.RELEASE
2020-02-29T21:48:58.523+0530 INFO No active profile set, falling back to default profiles: default
2020-02-29T21:49:01.665+0530 INFO Started SpringBootDataJpaRestApplication in 3.264 seconds (JVM running for 13944.675)
2020-02-29T21:49:01.670+0530 INFO Info level log message
2020-02-29T21:49:01.671+0530 DEBUG Debug level log message
2020-02-29T21:49:01.671+0530 ERROR Error level log message
2020-02-29T21:49:20.045+0530 INFO Starting SpringBootDataJpaRestApplication on DESKTOP-8JAF3N2 with PID 10572 (C:\Users\Anil\Desktop\Anil_CGI_Practise\project_work_space\SpringBootDataJpaRest\target\classes started by Anil in C:\Users\Anil\Desktop\Anil_CGI_Practise\project_work_space\SpringBootDataJpaRest)
2020-02-29T21:49:20.048+0530 DEBUG Running with Spring Boot v2.2.4.RELEASE, Spring v5.2.3.RELEASE
2020-02-29T21:49:20.048+0530 INFO No active profile set, falling back to default profiles: default
2020-02-29T21:49:23.548+0530 INFO Started SpringBootDataJpaRestApplication in 3.598 seconds (JVM running for 13966.558)
2020-02-29T21:49:23.551+0530 INFO Info level log message
2020-02-29T21:49:23.551+0530 DEBUG Debug level log message
2020-02-29T21:49:23.551+0530 ERROR Error level log message
2020-02-29T21:50:10.960+0530 INFO Starting SpringBootDataJpaRestApplication on DESKTOP-8JAF3N2 with PID 10572 (C:\Users\Anil\Desktop\Anil_CGI_Practise\project_work_space\SpringBootDataJpaRest\target\classes started by Anil in C:\Users\Anil\Desktop\Anil_CGI_Practise\project_work_space\SpringBootDataJpaRest)
2020-02-29T21:50:10.961+0530 DEBUG Running with Spring Boot v2.2.4.RELEASE, Spring v5.2.3.RELEASE
2020-02-29T21:50:10.962+0530 INFO No active profile set, falling back to default profiles: default
2020-02-29T21:50:13.664+0530 INFO Started SpringBootDataJpaRestApplication in 2.81 seconds (JVM running for 14016.674)
2020-02-29T21:50:13.667+0530 INFO Info level log message
2020-02-29T21:50:13.667+0530 DEBUG Debug level log message
2020-02-29T21:50:13.667+0530 ERROR Error level log message
2020-02-29T21:51:12.305+0530 INFO Starting SpringBootDataJpaRestApplication on DESKTOP-8JAF3N2 with PID 10572 (C:\Users\Anil\Desktop\Anil_CGI_Practise\project_work_space\SpringBootDataJpaRest\target\classes started by Anil in C:\Users\Anil\Desktop\Anil_CGI_Practise\project_work_space\SpringBootDataJpaRest)
2020-02-29T21:51:12.307+0530 DEBUG Running with Spring Boot v2.2.4.RELEASE, Spring v5.2.3.RELEASE
2020-02-29T21:51:12.307+0530 INFO No active profile set, falling back to default profiles: default
2020-02-29T21:51:15.047+0530 INFO Started SpringBootDataJpaRestApplication in 2.877 seconds (JVM running for 14078.056)
2020-02-29T21:51:15.049+0530 INFO Info level log message
2020-02-29T21:51:15.050+0530 DEBUG Debug level log message
2020-02-29T21:51:15.050+0530 ERROR Error level log message
2020-02-29T21:51:33.546+0530 INFO Starting SpringBootDataJpaRestApplication on DESKTOP-8JAF3N2 with PID 10572 (C:\Users\Anil\Desktop\Anil_CGI_Practise\project_work_space\SpringBootDataJpaRest\target\classes started by Anil in C:\Users\Anil\Desktop\Anil_CGI_Practise\project_work_space\SpringBootDataJpaRest)
2020-02-29T21:51:33.548+0530 DEBUG Running with Spring Boot v2.2.4.RELEASE, Spring v5.2.3.RELEASE
2020-02-29T21:51:33.548+0530 INFO No active profile set, falling back to default profiles: default
2020-02-29T21:51:36.787+0530 INFO Started SpringBootDataJpaRestApplication in 3.34 seconds (JVM running for 14099.797)
2020-02-29T21:51:36.790+0530 INFO Info level log message
2020-02-29T21:51:36.790+0530 DEBUG Debug level log message
2020-02-29T21:51:36.791+0530 ERROR Error level log message
2020-02-29T21:53:37.171+0530 INFO Starting SpringBootDataJpaRestApplication on DESKTOP-8JAF3N2 with PID 10572 (C:\Users\Anil\Desktop\Anil_CGI_Practise\project_work_space\SpringBootDataJpaRest\target\classes started by Anil in C:\Users\Anil\Desktop\Anil_CGI_Practise\project_work_space\SpringBootDataJpaRest)
2020-02-29T21:53:37.173+0530 DEBUG Running with Spring Boot v2.2.4.RELEASE, Spring v5.2.3.RELEASE
2020-02-29T21:53:37.174+0530 INFO No active profile set, falling back to default profiles: default
2020-02-29T21:53:39.982+0530 INFO Started SpringBootDataJpaRestApplication in 2.914 seconds (JVM running for 14222.992)
2020-02-29T21:53:39.985+0530 INFO Info level log message
2020-02-29T21:53:39.990+0530 DEBUG Debug level log message
2020-02-29T21:53:39.991+0530 ERROR Error level log message
2020-02-29T22:07:18.352+0530 INFO Starting SpringBootDataJpaRestApplication on DESKTOP-8JAF3N2 with PID 10572 (C:\Users\Anil\Desktop\Anil_CGI_Practise\project_work_space\SpringBootDataJpaRest\target\classes started by Anil in C:\Users\Anil\Desktop\Anil_CGI_Practise\project_work_space\SpringBootDataJpaRest)
2020-02-29T22:07:18.355+0530 DEBUG Running with Spring Boot v2.2.4.RELEASE, Spring v5.2.3.RELEASE
2020-02-29T22:07:18.356+0530 INFO No active profile set, falling back to default profiles: default
2020-02-29T22:07:24.076+0530 INFO Started SpringBootDataJpaRestApplication in 5.931 seconds (JVM running for 15047.086)
2020-02-29T22:07:24.079+0530 INFO Info level log message
2020-02-29T22:07:24.080+0530 DEBUG Debug level log message
2020-02-29T22:07:24.080+0530 ERROR Error level log message
2020-02-29T22:10:18.490+0530 INFO Starting SpringBootDataJpaRestApplication on DESKTOP-8JAF3N2 with PID 10572 (C:\Users\Anil\Desktop\Anil_CGI_Practise\project_work_space\SpringBootDataJpaRest\target\classes started by Anil in C:\Users\Anil\Desktop\Anil_CGI_Practise\project_work_space\SpringBootDataJpaRest)
2020-02-29T22:10:18.493+0530 DEBUG Running with Spring Boot v2.2.4.RELEASE, Spring v5.2.3.RELEASE
2020-02-29T22:10:18.494+0530 INFO No active profile set, falling back to default profiles: default
2020-02-29T22:10:22.860+0530 INFO Started SpringBootDataJpaRestApplication in 4.599 seconds (JVM running for 15225.869)
2020-02-29T22:10:22.862+0530 INFO Info level log message
2020-02-29T22:10:22.863+0530 DEBUG Debug level log message
2020-02-29T22:10:22.863+0530 ERROR Error level log message
2020-02-29T22:10:37.573+0530 INFO Starting SpringBootDataJpaRestApplication on DESKTOP-8JAF3N2 with PID 10572 (C:\Users\Anil\Desktop\Anil_CGI_Practise\project_work_space\SpringBootDataJpaRest\target\classes started by Anil in C:\Users\Anil\Desktop\Anil_CGI_Practise\project_work_space\SpringBootDataJpaRest)
2020-02-29T22:10:37.575+0530 DEBUG Running with Spring Boot v2.2.4.RELEASE, Spring v5.2.3.RELEASE
2020-02-29T22:10:37.576+0530 INFO No active profile set, falling back to default profiles: default
2020-02-29T22:10:42.396+0530 INFO Started SpringBootDataJpaRestApplication in 5.057 seconds (JVM running for 15245.406)
2020-02-29T22:10:42.399+0530 INFO Info level log message
2020-02-29T22:10:42.399+0530 DEBUG Debug level log message
2020-02-29T22:10:42.400+0530 ERROR Error level log message
2020-02-29T22:11:04.327+0530 INFO Starting SpringBootDataJpaRestApplication on DESKTOP-8JAF3N2 with PID 10572 (C:\Users\Anil\Desktop\Anil_CGI_Practise\project_work_space\SpringBootDataJpaRest\target\classes started by Anil in C:\Users\Anil\Desktop\Anil_CGI_Practise\project_work_space\SpringBootDataJpaRest)
2020-02-29T22:11:04.328+0530 DEBUG Running with Spring Boot v2.2.4.RELEASE, Spring v5.2.3.RELEASE
2020-02-29T22:11:04.329+0530 INFO No active profile set, falling back to default profiles: default
2020-02-29T22:11:08.117+0530 INFO Started SpringBootDataJpaRestApplication in 3.932 seconds (JVM running for 15271.127)
2020-02-29T22:11:08.121+0530 INFO Info level log message
2020-02-29T22:11:08.124+0530 DEBUG Debug level log message
2020-02-29T22:11:08.125+0530 ERROR Error level log message
2020-02-29T22:11:18.195+0530 INFO Starting SpringBootDataJpaRestApplication on DESKTOP-8JAF3N2 with PID 10572 (C:\Users\Anil\Desktop\Anil_CGI_Practise\project_work_space\SpringBootDataJpaRest\target\classes started by Anil in C:\Users\Anil\Desktop\Anil_CGI_Practise\project_work_space\SpringBootDataJpaRest)
2020-02-29T22:11:18.197+0530 DEBUG Running with Spring Boot v2.2.4.RELEASE, Spring v5.2.3.RELEASE
2020-02-29T22:11:18.198+0530 INFO No active profile set, falling back to default profiles: default
2020-02-29T22:11:25.343+0530 INFO Started SpringBootDataJpaRestApplication in 7.799 seconds (JVM running for 15288.354)
2020-02-29T22:11:25.347+0530 INFO Info level log message
2020-02-29T22:11:25.350+0530 DEBUG Debug level log message
2020-02-29T22:11:25.350+0530 ERROR Error level log message
2020-02-29T22:11:35.378+0530 INFO Starting SpringBootDataJpaRestApplication on DESKTOP-8JAF3N2 with PID 10572 (C:\Users\Anil\Desktop\Anil_CGI_Practise\project_work_space\SpringBootDataJpaRest\target\classes started by Anil in C:\Users\Anil\Desktop\Anil_CGI_Practise\project_work_space\SpringBootDataJpaRest)
2020-02-29T22:11:35.380+0530 DEBUG Running with Spring Boot v2.2.4.RELEASE, Spring v5.2.3.RELEASE
2020-02-29T22:11:35.381+0530 INFO No active profile set, falling back to default profiles: default
2020-02-29T22:11:42.251+0530 INFO Started SpringBootDataJpaRestApplication in 7.054 seconds (JVM running for 15305.261)
2020-02-29T22:11:42.271+0530 INFO Info level log message
2020-02-29T22:11:42.271+0530 DEBUG Debug level log message
2020-02-29T22:11:42.271+0530 ERROR Error level log message
2020-02-29T22:12:08.080+0530 INFO Starting SpringBootDataJpaRestApplication on DESKTOP-8JAF3N2 with PID 10572 (C:\Users\Anil\Desktop\Anil_CGI_Practise\project_work_space\SpringBootDataJpaRest\target\classes started by Anil in C:\Users\Anil\Desktop\Anil_CGI_Practise\project_work_space\SpringBootDataJpaRest)
2020-02-29T22:12:08.083+0530 DEBUG Running with Spring Boot v2.2.4.RELEASE, Spring v5.2.3.RELEASE
2020-02-29T22:12:08.083+0530 INFO No active profile set, falling back to default profiles: default
2020-02-29T22:12:12.174+0530 INFO Started SpringBootDataJpaRestApplication in 4.325 seconds (JVM running for 15335.184)
2020-02-29T22:12:12.177+0530 INFO Info level log message
2020-02-29T22:12:12.178+0530 DEBUG Debug level log message
2020-02-29T22:12:12.178+0530 ERROR Error level log message
2020-02-29T22:13:58.829+0530 INFO Starting SpringBootDataJpaRestApplication on DESKTOP-8JAF3N2 with PID 10572 (C:\Users\Anil\Desktop\Anil_CGI_Practise\project_work_space\SpringBootDataJpaRest\target\classes started by Anil in C:\Users\Anil\Desktop\Anil_CGI_Practise\project_work_space\SpringBootDataJpaRest)
2020-02-29T22:13:58.831+0530 DEBUG Running with Spring Boot v2.2.4.RELEASE, Spring v5.2.3.RELEASE
2020-02-29T22:13:58.831+0530 INFO No active profile set, falling back to default profiles: default
2020-02-29T22:14:04.170+0530 INFO Started SpringBootDataJpaRestApplication in 5.494 seconds (JVM running for 15447.18)
2020-02-29T22:14:04.173+0530 INFO Info level log message
2020-02-29T22:14:04.173+0530 DEBUG Debug level log message
2020-02-29T22:14:04.174+0530 ERROR Error level log message
2020-02-29T22:14:10.082+0530 INFO Starting SpringBootDataJpaRestApplication on DESKTOP-8JAF3N2 with PID 10572 (C:\Users\Anil\Desktop\Anil_CGI_Practise\project_work_space\SpringBootDataJpaRest\target\classes started by Anil in C:\Users\Anil\Desktop\Anil_CGI_Practise\project_work_space\SpringBootDataJpaRest)
2020-02-29T22:14:10.085+0530 DEBUG Running with Spring Boot v2.2.4.RELEASE, Spring v5.2.3.RELEASE
2020-02-29T22:14:10.089+0530 INFO No active profile set, falling back to default profiles: default
2020-02-29T22:14:16.324+0530 INFO Started SpringBootDataJpaRestApplication in 6.548 seconds (JVM running for 15459.334)
2020-02-29T22:14:16.327+0530 INFO Info level log message
2020-02-29T22:14:16.327+0530 DEBUG Debug level log message
2020-02-29T22:14:16.327+0530 ERROR Error level log message
2020-02-29T22:14:25.500+0530 INFO Starting SpringBootDataJpaRestApplicationTests on DESKTOP-8JAF3N2 with PID 5720 (started by Anil in C:\Users\Anil\Desktop\Anil_CGI_Practise\project_work_space\SpringBootDataJpaRest)
2020-02-29T22:14:25.510+0530 DEBUG Running with Spring Boot v2.2.4.RELEASE, Spring v5.2.3.RELEASE
2020-02-29T22:14:25.511+0530 INFO No active profile set, falling back to default profiles: default
2020-02-29T22:15:06.663+0530 INFO Started SpringBootDataJpaRestApplicationTests in 42.653 seconds (JVM running for 51.253)
2020-02-29T22:15:58.111+0530 INFO Starting SpringBootDataJpaRestApplication on DESKTOP-8JAF3N2 with PID 13848 (C:\Users\Anil\Desktop\Anil_CGI_Practise\project_work_space\SpringBootDataJpaRest\target\classes started by Anil in C:\Users\Anil\Desktop\Anil_CGI_Practise\project_work_space\SpringBootDataJpaRest)
2020-02-29T22:15:58.120+0530 DEBUG Running with Spring Boot v2.2.4.RELEASE, Spring v5.2.3.RELEASE
2020-02-29T22:15:58.122+0530 INFO No active profile set, falling back to default profiles: default
2020-02-29T22:27:56.946+0530 DEBUG /api/oneToManyTesting--->@PostMapping  method called
